{
  "RSpec": {
    "coverage": {
      "/Users/train/Documents/my_academy_quest/app/helpers/application_helper.rb": {
        "lines": [
          1,
          null
        ]
      },
      "/Users/train/Documents/my_academy_quest/app/helpers/pages_helper.rb": {
        "lines": [
          1,
          null
        ]
      },
      "/Users/train/Documents/my_academy_quest/app/helpers/quests_helper.rb": {
        "lines": [
          1,
          null
        ]
      },
      "/Users/train/Documents/my_academy_quest/app/models/quest.rb": {
        "lines": [
          1,
          1,
          null
        ]
      },
      "/Users/train/Documents/my_academy_quest/app/models/application_record.rb": {
        "lines": [
          1,
          1,
          null
        ]
      },
      "/Users/train/Documents/my_academy_quest/app/controllers/pages_controller.rb": {
        "lines": [
          1,
          1,
          null,
          null
        ]
      },
      "/Users/train/Documents/my_academy_quest/app/controllers/application_controller.rb": {
        "lines": [
          1,
          null,
          1,
          null
        ]
      },
      "/Users/train/Documents/my_academy_quest/app/controllers/quests_controller.rb": {
        "lines": [
          1,
          1,
          1,
          1,
          1,
          null,
          null,
          1,
          1,
          1,
          1,
          1,
          2,
          null,
          null,
          0,
          null,
          null,
          null,
          1,
          1,
          1,
          1,
          2,
          null,
          null,
          null,
          1,
          1,
          1,
          1,
          2,
          null,
          null,
          null,
          1,
          1,
          2,
          null,
          null,
          1,
          1,
          null,
          null
        ]
      },
      "/Users/train/Documents/my_academy_quest/app/jobs/application_job.rb": {
        "lines": [
          0,
          null,
          null,
          null,
          null,
          null,
          0
        ],
        "branches": {}
      },
      "/Users/train/Documents/my_academy_quest/app/mailers/application_mailer.rb": {
        "lines": [
          0,
          0,
          0,
          0
        ],
        "branches": {}
      }
    },
    "timestamp": 1750325990
  }
}
